-------------------------------------------------------------------------------
Test set: com.spotify.automation.runners.NavigationTestRunner
-------------------------------------------------------------------------------
Tests run: 1, Failures: 0, Errors: 1, Skipped: 0, Time elapsed: 0.052 s <<< FAILURE! -- in com.spotify.automation.runners.NavigationTestRunner
Navegacion a Playlists Populares.Navegacion exitosa a una categoria de Playlist -- Time elapsed: 0.019 s <<< ERROR!
io.cucumber.junit.UndefinedStepException: 
The step 'que el usuario está en la página principal de Spotify' and 3 other step(s) are undefined.
You can implement these steps using the snippet(s) below:

@Given("que el usuario está en la página principal de Spotify")
public void que_el_usuario_está_en_la_página_principal_de_spotify() {
    // Write code here that turns the phrase above into concrete actions
    throw new io.cucumber.java.PendingException();
}
@When("el usuario navega a la sección de Busqueda")
public void el_usuario_navega_a_la_sección_de_busqueda() {
    // Write code here that turns the phrase above into concrete actions
    throw new io.cucumber.java.PendingException();
}
@When("selecciona la primera categoria de playlist popular")
public void selecciona_la_primera_categoria_de_playlist_popular() {
    // Write code here that turns the phrase above into concrete actions
    throw new io.cucumber.java.PendingException();
}
@Then("se debe mostrar la pagina de detalle de la playlist o categoria")
public void se_debe_mostrar_la_pagina_de_detalle_de_la_playlist_o_categoria() {
    // Write code here that turns the phrase above into concrete actions
    throw new io.cucumber.java.PendingException();
}


