<?xml version="1.0" encoding="UTF-8" standalone="no"?><testsuite errors="0" failures="1" name="Navegacion a Playlists Populares" skipped="0" tests="1" time="0.62" timestamp="2025-11-14 02:18:38"><testcase name="Navegacion exitosa a una categoria de Playlist"><failure message="Undefined default URL for page object NavigationPage" type="java.lang.AssertionError">Undefined default URL for page object NavigationPage</failure><system-err>Undefined default URL for page object NavigationPage&#13;
com.spotify.automation.steps.NavigationStepDefinitions.que_el_usuario_esta_en_la_pagina_principal_de_spotify(NavigationStepDefinitions.java:25)&#13;
✽.que el usuario está en la página principal de Spotify(file:///C:/Users/se302/Documents/PROGRAMACION/spotify-qa-automation/src/test/resources/features/navigation_spotify.feature:7)&#13;
</system-err></testcase></testsuite>